<?xml version="1.0" encoding="UTF-8"?>
<!-- Generated by org.testng.reporters.JUnitXMLReporter -->
<testsuite hostname="DESKTOP-6OI3343" name="Default test" tests="3" failures="0" timestamp="11 Jan 2021 13:49:46 GMT" time="16.483" errors="0">
  <testcase name="test1" time="5.056" classname="org.sample.Sampledataprovider"/>
  <testcase name="test1" time="2.365" classname="org.sample.Sampledataprovider"/>
  <testcase name="test1" time="2.281" classname="org.sample.Sampledataprovider"/>
</testsuite> <!-- Default test -->
