<?xml version="1.0" encoding="UTF-8"?>
<testng-results skipped="1" failed="0" total="1" passed="0">
  <reporter-output>
  </reporter-output>
  <suite name="Suite" duration-ms="215" started-at="2021-01-11T13:54:15Z" finished-at="2021-01-11T13:54:15Z">
    <groups>
    </groups>
    <test name="Test" duration-ms="215" started-at="2021-01-11T13:54:15Z" finished-at="2021-01-11T13:54:15Z">
      <class name="org.sample.SamplefailedtestScreenshot">
        <test-method status="FAIL" signature="beforeclass()[pri:0, instance:org.sample.SamplefailedtestScreenshot@548a9f61]" name="beforeclass" is-config="true" duration-ms="0" started-at="2021-01-11T19:24:15Z" finished-at="2021-01-11T19:24:15Z">
          <exception class="java.lang.IllegalStateException">
            <message>
              <![CDATA[The driver executable does not exist: C:\Users\lenovo\eclipse-workspace\MavenTestNG\src\test\resources\Screenshot\fb.png]]>
            </message>
            <full-stacktrace>
              <![CDATA[java.lang.IllegalStateException: The driver executable does not exist: C:\Users\lenovo\eclipse-workspace\MavenTestNG\src\test\resources\Screenshot\fb.png
	at com.google.common.base.Preconditions.checkState(Preconditions.java:585)
	at org.openqa.selenium.remote.service.DriverService.checkExecutable(DriverService.java:146)
	at org.openqa.selenium.remote.service.DriverService.findExecutable(DriverService.java:141)
	at org.openqa.selenium.chrome.ChromeDriverService.access$000(ChromeDriverService.java:35)
	at org.openqa.selenium.chrome.ChromeDriverService$Builder.findDefaultExecutable(ChromeDriverService.java:159)
	at org.openqa.selenium.remote.service.DriverService$Builder.build(DriverService.java:355)
	at org.openqa.selenium.chrome.ChromeDriverService.createDefaultService(ChromeDriverService.java:94)
	at org.openqa.selenium.chrome.ChromeDriver.<init>(ChromeDriver.java:123)
	at org.sample.SamplefailedtestScreenshot.beforeclass(SamplefailedtestScreenshot.java:25)
	at sun.reflect.NativeMethodAccessorImpl.invoke0(Native Method)
	at sun.reflect.NativeMethodAccessorImpl.invoke(Unknown Source)
	at sun.reflect.DelegatingMethodAccessorImpl.invoke(Unknown Source)
	at java.lang.reflect.Method.invoke(Unknown Source)
	at org.testng.internal.MethodInvocationHelper.invokeMethod(MethodInvocationHelper.java:86)
	at org.testng.internal.Invoker.invokeConfigurationMethod(Invoker.java:514)
	at org.testng.internal.Invoker.invokeConfigurations(Invoker.java:215)
	at org.testng.internal.Invoker.invokeConfigurations(Invoker.java:142)
	at org.testng.internal.TestMethodWorker.invokeBeforeClassMethods(TestMethodWorker.java:178)
	at org.testng.internal.TestMethodWorker.run(TestMethodWorker.java:108)
	at org.testng.TestRunner.privateRun(TestRunner.java:782)
	at org.testng.TestRunner.run(TestRunner.java:632)
	at org.testng.SuiteRunner.runTest(SuiteRunner.java:366)
	at org.testng.SuiteRunner.runSequentially(SuiteRunner.java:361)
	at org.testng.SuiteRunner.privateRun(SuiteRunner.java:319)
	at org.testng.SuiteRunner.run(SuiteRunner.java:268)
	at org.testng.SuiteRunnerWorker.runSuite(SuiteRunnerWorker.java:52)
	at org.testng.SuiteRunnerWorker.run(SuiteRunnerWorker.java:86)
	at org.testng.TestNG.runSuitesSequentially(TestNG.java:1244)
	at org.testng.TestNG.runSuitesLocally(TestNG.java:1169)
	at org.testng.TestNG.run(TestNG.java:1064)
	at org.testng.remote.AbstractRemoteTestNG.run(AbstractRemoteTestNG.java:114)
	at org.testng.remote.RemoteTestNG.initAndRun(RemoteTestNG.java:251)
	at org.testng.remote.RemoteTestNG.main(RemoteTestNG.java:77)
]]>
            </full-stacktrace>
          </exception> <!-- java.lang.IllegalStateException -->
          <reporter-output>
          </reporter-output>
        </test-method> <!-- beforeclass -->
        <test-method status="SKIP" signature="beforemethod()[pri:0, instance:org.sample.SamplefailedtestScreenshot@548a9f61]" name="beforemethod" is-config="true" duration-ms="0" started-at="2021-01-11T19:24:15Z" finished-at="2021-01-11T19:24:15Z">
          <reporter-output>
          </reporter-output>
        </test-method> <!-- beforemethod -->
        <test-method status="SKIP" signature="test1()[pri:0, instance:org.sample.SamplefailedtestScreenshot@548a9f61]" name="test1" duration-ms="11" started-at="2021-01-11T19:24:15Z" finished-at="2021-01-11T19:24:15Z">
          <reporter-output>
          </reporter-output>
        </test-method> <!-- test1 -->
        <test-method status="SKIP" signature="aftermetod()[pri:0, instance:org.sample.SamplefailedtestScreenshot@548a9f61]" name="aftermetod" is-config="true" duration-ms="0" started-at="2021-01-11T19:24:15Z" finished-at="2021-01-11T19:24:15Z">
          <reporter-output>
          </reporter-output>
        </test-method> <!-- aftermetod -->
        <test-method status="SKIP" signature="afterclass()[pri:0, instance:org.sample.SamplefailedtestScreenshot@548a9f61]" name="afterclass" is-config="true" duration-ms="0" started-at="2021-01-11T19:24:15Z" finished-at="2021-01-11T19:24:15Z">
          <reporter-output>
          </reporter-output>
        </test-method> <!-- afterclass -->
      </class> <!-- org.sample.SamplefailedtestScreenshot -->
    </test> <!-- Test -->
  </suite> <!-- Suite -->
</testng-results>
